16:30:27.178 [debug] Child {XPLoggerFileBackend, :general_log} of Supervisor Logger.Backends.Supervisor started
Pid: #PID<0.103.0>
Start Call: Logger.Backends.Watcher.start_link({{XPLoggerFileBackend, :general_log}, {XPLoggerFileBackend, :general_log}})
Restart: :transient
Shutdown: 5000
Type: :worker
16:30:27.178 [info] Child Logger.Backends.Supervisor of Supervisor Logger.Backends.Internal started
Pid: #PID<0.102.0>
Start Call: Logger.Backends.Supervisor.start_link([{XPLoggerFileBackend, :general_log}])
Restart: :permanent
Shutdown: :infinity
Type: :supervisor
16:30:27.178 [info] Child Logger.Backends.Internal of Supervisor Logger.Supervisor started
Pid: #PID<0.98.0>
Start Call: Logger.Backends.Internal.start_link([])
Restart: :permanent
Shutdown: :infinity
Type: :supervisor
16:30:27.178 [info] Application logger started at :nonode@nohost
16:30:27.178 [info] Application xp_mime started at :nonode@nohost
16:30:27.178 [info] Application xp_hpax started at :nonode@nohost
16:30:27.178 [info] Application crypto started at :nonode@nohost
16:30:27.178 [info] Application asn1 started at :nonode@nohost
16:30:27.178 [info] Application public_key started at :nonode@nohost
16:30:27.179 [debug] Child :ssl_handler of Supervisor :logger_sup started
Pid: #PID<0.108.0>
Start Call: :logger_olp.start_link(:logger_std_h_ssl_handler, :logger_h_common, %{id: :ssl_handler, module: :logger_std_h, config: %{type: :standard_io, filesync_repeat_interval: :no_repeat}, level: :debug, filters: [], filter_default: :stop, formatter: {:ssl_logger, %{}}}, %{})
Restart: :temporary
Shutdown: 2000
Type: :worker
16:30:27.181 [info] Child :ssl_pem_cache of Supervisor :ssl_admin_sup started
Pid: #PID<0.112.0>
Start Call: :ssl_pem_cache.start_link([])
Restart: :permanent
Shutdown: 4000
Type: :worker
16:30:27.181 [info] Child :ssl_manager of Supervisor :ssl_admin_sup started
Pid: #PID<0.113.0>
Start Call: :ssl_manager.start_link([])
Restart: :permanent
Shutdown: 4000
Type: :worker
16:30:27.182 [info] Child :tls_client_ticket_store of Supervisor :ssl_admin_sup started
Pid: #PID<0.114.0>
Start Call: :tls_client_ticket_store.start_link(1000, 7200)
Restart: :permanent
Shutdown: 4000
Type: :worker
16:30:27.182 [info] Child :ssl_admin_sup of Supervisor :ssl_sup started
Pid: #PID<0.111.0>
Start Call: :ssl_admin_sup.start_link()
Restart: :permanent
Shutdown: 4000
Type: :supervisor
16:30:27.182 [info] Child :tls_connection_sup of Supervisor :tls_sup started
Pid: #PID<0.117.0>
Start Call: :tls_connection_sup.start_link()
Restart: :permanent
Shutdown: 4000
Type: :supervisor
16:30:27.183 [info] Child :ssl_listen_tracker_sup of Supervisor :tls_server_sup started
Pid: #PID<0.119.0>
Start Call: :ssl_listen_tracker_sup.start_link()
Restart: :permanent
Shutdown: 4000
Type: :supervisor
16:30:27.183 [info] Child :tls_server_session_ticket of Supervisor :tls_server_sup started
Pid: #PID<0.120.0>
Start Call: :tls_server_session_ticket_sup.start_link()
Restart: :permanent
Shutdown: 4000
Type: :supervisor
16:30:27.183 [info] Child :ssl_server_session_cache_sup of Supervisor :tls_server_sup started
Pid: #PID<0.121.0>
Start Call: :ssl_server_session_cache_sup.start_link()
Restart: :permanent
Shutdown: 4000
Type: :supervisor
16:30:27.183 [info] Child :ssl_upgrade_server_session_cache_sup of Supervisor :tls_server_sup started
Pid: #PID<0.122.0>
Start Call: :ssl_upgrade_server_session_cache_sup.start_link()
Restart: :permanent
Shutdown: 4000
Type: :supervisor
16:30:27.183 [info] Child :tls_server_sup of Supervisor :tls_sup started
Pid: #PID<0.118.0>
Start Call: :tls_server_sup.start_link()
Restart: :permanent
Shutdown: 4000
Type: :supervisor
16:30:27.183 [info] Child :tls_sup of Supervisor :ssl_connection_sup started
Pid: #PID<0.116.0>
Start Call: :tls_sup.start_link()
Restart: :permanent
Shutdown: 4000
Type: :supervisor
16:30:27.184 [info] Child :dtls_connection_sup of Supervisor :dtls_sup started
Pid: #PID<0.124.0>
Start Call: :dtls_connection_sup.start_link()
Restart: :permanent
Shutdown: 4000
Type: :supervisor
16:30:27.184 [info] Child :dtls_listener_sup of Supervisor :dtls_server_sup started
Pid: #PID<0.126.0>
Start Call: :dtls_listener_sup.start_link()
Restart: :permanent
Shutdown: 4000
Type: :supervisor
16:30:27.184 [info] Child :dtls_server_session_cache_sup of Supervisor :dtls_server_sup started
Pid: #PID<0.127.0>
Start Call: :dtls_server_session_cache_sup.start_link()
Restart: :permanent
Shutdown: 4000
Type: :supervisor
16:30:27.184 [info] Child :dtls_server_sup of Supervisor :dtls_sup started
Pid: #PID<0.125.0>
Start Call: :dtls_server_sup.start_link()
Restart: :permanent
Shutdown: 4000
Type: :supervisor
16:30:27.184 [info] Child :dtls_sup of Supervisor :ssl_connection_sup started
Pid: #PID<0.123.0>
Start Call: :dtls_sup.start_link()
Restart: :permanent
Shutdown: 4000
Type: :supervisor
16:30:27.184 [info] Child :ssl_connection_sup of Supervisor :ssl_sup started
Pid: #PID<0.115.0>
Start Call: :ssl_connection_sup.start_link()
Restart: :permanent
Shutdown: 4000
Type: :supervisor
16:30:27.184 [info] Application ssl started at :nonode@nohost
16:30:27.184 [info] Application xp_mint started at :nonode@nohost
16:30:27.184 [info] Application xp_nimble_options started at :nonode@nohost
16:30:27.185 [info] Child XPNimblePool.TaskSupervisor of Supervisor #PID<0.133.0> (Supervisor.Default) started
Pid: #PID<0.134.0>
Start Call: Task.Supervisor.start_link([name: XPNimblePool.TaskSupervisor])
Restart: :permanent
Shutdown: :infinity
Type: :supervisor
16:30:27.185 [info] Application xp_nimble_pool started at :nonode@nohost
16:30:27.186 [info] Child :telemetry_handler_table of Supervisor :telemetry_sup started
Pid: #PID<0.138.0>
Start Call: :telemetry_handler_table.start_link()
Restart: :permanent
Shutdown: 5000
Type: :worker
16:30:27.186 [info] Application xp_telemetry started at :nonode@nohost
16:30:27.186 [info] Application xp_finch started at :nonode@nohost
16:30:27.191 [info] Child XPReq.Finch.PIDPartition0 of Supervisor XPReq.Finch started
Pid: #PID<0.144.0>
Start Call: Registry.Partition.start_link(XPReq.Finch.PIDPartition0, {:duplicate, XPReq.Finch, 0, 1, XPReq.Finch.KeyPartition0, XPReq.Finch.PIDPartition0, [], false})
Restart: :permanent
Shutdown: 5000
Type: :worker
16:30:27.191 [info] Child XPReq.Finch of Supervisor XPReq.Finch.Supervisor started
Pid: #PID<0.143.0>
Start Call: Registry.start_link([keys: :duplicate, name: XPReq.Finch, meta: [config: %{pools: %{}, registry_name: XPReq.Finch, supervisor_name: XPReq.Finch.PoolSupervisor, manager_name: XPReq.Finch.PoolManager, default_pool_config: %{count: 1, size: 50, mod: XPFinch.HTTP1.Pool, conn_opts: [protocols: [:http1], transport_opts: [keepalive: true, nodelay: true, timeout: 5000], ssl_key_log_file_device: nil], pool_max_idle_time: :infinity, conn_max_idle_time: :infinity, start_pool_metrics?: false}}]])
Restart: :permanent
Shutdown: :infinity
Type: :supervisor
16:30:27.191 [info] Child XPReq.Finch.PoolSupervisor of Supervisor XPReq.Finch.Supervisor started
Pid: #PID<0.145.0>
Start Call: DynamicSupervisor.start_link([name: XPReq.Finch.PoolSupervisor, strategy: :one_for_one])
Restart: :permanent
Shutdown: :infinity
Type: :supervisor
16:30:27.191 [info] Child XPFinch.PoolManager of Supervisor XPReq.Finch.Supervisor started
Pid: #PID<0.146.0>
Start Call: XPFinch.PoolManager.start_link(%{pools: %{}, registry_name: XPReq.Finch, supervisor_name: XPReq.Finch.PoolSupervisor, manager_name: XPReq.Finch.PoolManager, default_pool_config: %{count: 1, size: 50, mod: XPFinch.HTTP1.Pool, conn_opts: [protocols: [:http1], transport_opts: [keepalive: true, nodelay: true, timeout: 5000], ssl_key_log_file_device: nil], pool_max_idle_time: :infinity, conn_max_idle_time: :infinity, start_pool_metrics?: false}})
Restart: :permanent
Shutdown: 5000
Type: :worker
16:30:27.192 [info] Child XPReq.Finch of Supervisor #PID<0.141.0> (Supervisor.Default) started
Pid: #PID<0.142.0>
Start Call: XPFinch.start_link([name: XPReq.Finch, pools: %{default: [protocols: [:http1]]}])
Restart: :permanent
Shutdown: 5000
Type: :worker
16:30:27.192 [info] Child XPReq.FinchSupervisor of Supervisor #PID<0.141.0> (Supervisor.Default) started
Pid: #PID<0.147.0>
Start Call: DynamicSupervisor.start_link([strategy: :one_for_one, name: XPReq.FinchSupervisor])
Restart: :permanent
Shutdown: :infinity
Type: :supervisor
16:30:27.192 [info] Child XPReq.Test.Ownership of Supervisor #PID<0.141.0> (Supervisor.Default) started
Pid: #PID<0.148.0>
Start Call: XPReq.Test.Ownership.start_link([name: XPReq.Test.Ownership])
Restart: :permanent
Shutdown: 5000
Type: :worker
16:30:27.192 [info] Application xp_req started at :nonode@nohost
16:30:27.192 [info] Application burrito started at :nonode@nohost
16:30:27.192 [info] Application erts started at :nonode@nohost
16:30:27.192 [info] Application xp_schematic started at :nonode@nohost
16:30:27.192 [info] Application xp_typed_struct started at :nonode@nohost
16:30:27.192 [info] Application xp_gen_lsp started at :nonode@nohost
16:30:27.194 [info] Child XPSnowflake.Generator of Supervisor #PID<0.151.0> (Supervisor.Default) started
Pid: #PID<0.152.0>
Start Call: XPSnowflake.Generator.start_link(0, 1023)
Restart: :permanent
Shutdown: 5000
Type: :worker
16:30:27.195 [info] Application xp_snowflake started at :nonode@nohost
16:30:27.195 [info] Application xp_sourceror started at :nonode@nohost
16:30:27.195 [info] Application xp_forge started at :nonode@nohost
16:30:27.195 [info] Application xp_logger_file_backend started at :nonode@nohost
16:30:27.196 [info] Child :ttb_autostart of Supervisor :runtime_tools_sup started
Pid: #PID<0.156.0>
Start Call: :ttb_autostart.start_link()
Restart: :temporary
Shutdown: 3000
Type: :worker
16:30:27.196 [info] Application runtime_tools started at :nonode@nohost
16:30:27.196 [info] Application et started at :nonode@nohost
16:30:27.196 [info] Application observer started at :nonode@nohost
16:30:27.196 [info] Application xp_path_glob started at :nonode@nohost
16:30:27.200 [info] Child XPForge.Document.Store of Supervisor XPExpert.Supervisor started
Pid: #PID<0.160.0>
Start Call: XPForge.Document.Store.start_link([derive: [analysis: &XPForge.Ast.analyze/1]])
Restart: :permanent
Shutdown: 5000
Type: :worker
16:30:27.200 [info] Child XPExpert.ProjectSupervisor of Supervisor XPExpert.Supervisor started
Pid: #PID<0.161.0>
Start Call: DynamicSupervisor.start_link([name: XPExpert.ProjectSupervisor, strategy: :one_for_one])
Restart: :permanent
Shutdown: :infinity
Type: :supervisor
16:30:27.200 [info] Child XPExpert.DynamicSupervisor of Supervisor XPExpert.Supervisor started
Pid: #PID<0.162.0>
Start Call: DynamicSupervisor.start_link([name: XPExpert.DynamicSupervisor])
Restart: :permanent
Shutdown: :infinity
Type: :supervisor
16:30:27.200 [info] Child XPGenLSP.Assigns of Supervisor XPExpert.Supervisor started
Pid: #PID<0.163.0>
Start Call: XPGenLSP.Assigns.start_link([name: XPExpert.Assigns])
Restart: :permanent
Shutdown: 5000
Type: :worker
16:30:27.201 [info] Child :expert_task_queue of Supervisor XPExpert.Supervisor started
Pid: #PID<0.164.0>
Start Call: Task.Supervisor.start_link([name: :expert_task_queue])
Restart: :permanent
Shutdown: :infinity
Type: :supervisor
16:30:27.201 [info] Child XPGenLSP.Buffer of Supervisor XPExpert.Supervisor started
Pid: #PID<0.165.0>
Start Call: XPGenLSP.Buffer.start_link([name: XPExpert.Buffer])
Restart: :permanent
Shutdown: 5000
Type: :worker
16:30:27.201 [debug] [name: XPExpert, buffer: XPExpert.Buffer, task_supervisor: :expert_task_queue, dynamic_supervisor: XPExpert.DynamicSupervisor, assigns: XPExpert.Assigns]
16:30:27.202 [info] Child XPExpert of Supervisor XPExpert.Supervisor started
Pid: #PID<0.166.0>
Start Call: XPExpert.start_link([name: XPExpert, buffer: XPExpert.Buffer, task_supervisor: :expert_task_queue, dynamic_supervisor: XPExpert.DynamicSupervisor, assigns: XPExpert.Assigns])
Restart: :permanent
Shutdown: 500
Type: :worker
16:30:27.203 [info] Application xp_expert started at :nonode@nohost
16:30:27.224 [info] Starting project at uri file:///mnt/Extra/repos/damazioengine/src
16:30:27.228 [info] Child {XPExpert.Project.Progress, "src"} of Supervisor :"src::supervisor" started
Pid: #PID<0.171.0>
Start Call: XPExpert.Project.Progress.start_link(%XPForge.Project{root_uri: "file:///mnt/Extra/repos/damazioengine/src", mix_exs_uri: "file:///mnt/Extra/repos/damazioengine/src/mix.exs", mix_project?: true, mix_env: nil, mix_target: nil, env_variables: %{}, project_module: nil, entropy: 23397})
Restart: :permanent
Shutdown: 5000
Type: :worker
16:30:27.229 [info] Child {XPExpert.EngineSupervisor, "src"} of Supervisor :"src::supervisor" started
Pid: #PID<0.172.0>
Start Call: XPExpert.EngineSupervisor.start_link(%XPForge.Project{root_uri: "file:///mnt/Extra/repos/damazioengine/src", mix_exs_uri: "file:///mnt/Extra/repos/damazioengine/src/mix.exs", mix_project?: true, mix_env: nil, mix_target: nil, env_variables: %{}, project_module: nil, entropy: 23397})
Restart: :permanent
Shutdown: 5000
Type: :worker
16:30:27.231 [debug] sent request server -> client window/workDoneProgress/create
16:30:27.234 [info] Child :erl_epmd of Supervisor :net_sup started
Pid: #PID<0.175.0>
Start Call: :erl_epmd.start_link()
Restart: :permanent
Shutdown: 2000
Type: :worker
16:30:27.234 [debug] sent notification server -> client $/progress
16:30:27.234 [info] Child :auth of Supervisor :net_sup started
Pid: #PID<0.176.0>
Start Call: :auth.start_link()
Restart: :permanent
Shutdown: 2000
Type: :worker
16:30:27.236 [info] Child :net_kernel of Supervisor :net_sup started
Pid: #PID<0.177.0>
Start Call: :net_kernel.start_link(%{name: :"manager-src-23397@127.0.0.1", supervisor: :net_sup_dynamic, name_domain: :longnames, clean_halt: false})
Restart: :permanent
Shutdown: 2000
Type: :worker
16:30:27.236 [debug] Child :net_sup_dynamic of Supervisor :kernel_sup started
Pid: #PID<0.174.0>
Start Call: :erl_distribution.start_link(%{name: :"manager-src-23397@127.0.0.1", supervisor: :net_sup_dynamic, name_domain: :longnames, clean_halt: false})
Restart: :permanent
Shutdown: 1000
Type: :supervisor
16:30:27.246 [debug] handled request client -> server initialize in 40ms
16:30:27.247 [debug] sent request server -> client client/registerCapability
16:30:27.251 [info] ################### opened file:///mnt/Extra/repos/damazioengine/src/lib/src/accounts.ex
16:30:27.251 [debug] handled notification client -> server textDocument/didOpen in 3ms
16:30:27.251 [debug] handled notification client -> server initialized in 5ms
16:30:27.274 [debug] sent notification server -> client window/logMessage
16:30:27.275 [debug] sent notification server -> client window/logMessage
16:30:27.275 [debug] sent request server -> client window/workDoneProgress/create
16:30:27.276 [debug] sent notification server -> client $/progress
16:30:31.644 [info] Engine build available at: /home/fabri/.local/share/Expert/0.1.0-46713a1/ex-1.19.1-erl-16.1.1/wJ1bbsWn_KYoigK9PwMOAQ/_build/dev_ns
16:30:31.659 [debug] sent notification server -> client $/progress
16:30:32.034 [debug] sent notification server -> client $/progress
16:30:32.034 [info] Child {XPExpert.Project.Node, "src"} of Supervisor :"src::supervisor" started
Pid: #PID<0.173.0>
Start Call: XPExpert.Project.Node.start_link(%XPForge.Project{root_uri: "file:///mnt/Extra/repos/damazioengine/src", mix_exs_uri: "file:///mnt/Extra/repos/damazioengine/src/mix.exs", mix_project?: true, mix_env: nil, mix_target: nil, env_variables: %{}, project_module: nil, entropy: 23397})
Restart: :permanent
Shutdown: 5000
Type: :worker
16:30:32.035 [info] Child {XPExpert.Project.Diagnostics, "src"} of Supervisor :"src::supervisor" started
Pid: #PID<0.187.0>
Start Call: XPExpert.Project.Diagnostics.start_link(%XPForge.Project{root_uri: "file:///mnt/Extra/repos/damazioengine/src", mix_exs_uri: "file:///mnt/Extra/repos/damazioengine/src/mix.exs", mix_project?: true, mix_env: nil, mix_target: nil, env_variables: %{}, project_module: nil, entropy: 23397})
Restart: :permanent
Shutdown: 5000
Type: :worker
16:30:32.035 [info] Child {XPExpert.Project.Intelligence, "src"} of Supervisor :"src::supervisor" started
Pid: #PID<0.188.0>
Start Call: XPExpert.Project.Intelligence.start_link(%XPForge.Project{root_uri: "file:///mnt/Extra/repos/damazioengine/src", mix_exs_uri: "file:///mnt/Extra/repos/damazioengine/src/mix.exs", mix_project?: true, mix_env: nil, mix_target: nil, env_variables: %{}, project_module: nil, entropy: 23397})
Restart: :permanent
Shutdown: 5000
Type: :worker
16:30:32.036 [info] Child XPExpert.Project.SearchListener of Supervisor :"src::supervisor" started
Pid: #PID<0.189.0>
Start Call: XPExpert.Project.SearchListener.start_link(%XPForge.Project{root_uri: "file:///mnt/Extra/repos/damazioengine/src", mix_exs_uri: "file:///mnt/Extra/repos/damazioengine/src/mix.exs", mix_project?: true, mix_env: nil, mix_target: nil, env_variables: %{}, project_module: nil, entropy: 23397})
Restart: :permanent
Shutdown: 5000
Type: :worker
16:30:32.036 [info] Engine initialized
16:30:32.105 [debug] sent request server -> client window/workDoneProgress/create
16:30:32.105 [debug] sent notification server -> client $/progress
16:30:32.325 [debug] sent notification server -> client $/progress
16:30:32.325 [debug] sent request server -> client window/workDoneProgress/create
16:30:32.325 [debug] sent notification server -> client $/progress
16:30:32.466 [debug] sent notification server -> client $/progress
16:30:32.466 [debug] sent request server -> client window/workDoneProgress/create
16:30:32.466 [debug] sent notification server -> client $/progress
16:30:32.881 [debug] sent notification server -> client $/progress
16:30:32.881 [debug] sent request server -> client window/workDoneProgress/create
16:30:32.882 [debug] sent notification server -> client $/progress
16:30:32.885 [debug] sent notification server -> client $/progress
16:30:32.886 [debug] sent request server -> client window/workDoneProgress/create
16:30:32.886 [debug] sent notification server -> client $/progress
16:30:32.888 [debug] sent notification server -> client $/progress
16:30:32.889 [debug] sent request server -> client window/workDoneProgress/create
16:30:32.889 [debug] sent notification server -> client $/progress
16:30:32.951 [debug] sent notification server -> client $/progress
16:30:32.959 [info] Compiled src in 871 ms
16:30:32.962 [debug] sent notification server -> client textDocument/publishDiagnostics
16:30:33.434 [debug] sent request server -> client window/workDoneProgress/create
16:30:33.434 [debug] sent notification server -> client $/progress
16:30:33.583 [debug] sent notification server -> client $/progress
16:30:33.624 [debug] sent notification server -> client $/progress
16:30:33.663 [debug] sent notification server -> client $/progress
16:30:33.801 [debug] sent notification server -> client $/progress
16:30:33.801 [debug] sent notification server -> client $/progress
16:37:17.826 [debug] handled notification client -> server textDocument/didChange in 5ms
16:37:17.922 [debug] sent notification server -> client textDocument/publishDiagnostics
16:37:17.922 [debug] sent notification server -> client textDocument/publishDiagnostics
16:38:18.793 [debug] sent notification server -> client window/logMessage
16:38:18.793 [info] Shutting down
16:38:18.793 [error] ** (XPGenLSP.InvalidResponse) Invalid response for request shutdown.

Response: {:ok, nil}
Errors: "expected either null or a %XPGenLSP.ErrorResponse{}"

16:38:18.794 [debug] handled request client -> server shutdown in 3ms
16:38:18.811 [info] SIGTERM received - shutting down

16:38:18.924 [debug] Child {XPLoggerFileBackend, :general_log} of Supervisor Logger.Backends.Supervisor started
Pid: #PID<0.103.0>
Start Call: Logger.Backends.Watcher.start_link({{XPLoggerFileBackend, :general_log}, {XPLoggerFileBackend, :general_log}})
Restart: :transient
Shutdown: 5000
Type: :worker
16:38:18.925 [info] Child Logger.Backends.Supervisor of Supervisor Logger.Backends.Internal started
Pid: #PID<0.102.0>
Start Call: Logger.Backends.Supervisor.start_link([{XPLoggerFileBackend, :general_log}])
Restart: :permanent
Shutdown: :infinity
Type: :supervisor
16:38:18.925 [info] Child Logger.Backends.Internal of Supervisor Logger.Supervisor started
Pid: #PID<0.98.0>
Start Call: Logger.Backends.Internal.start_link([])
Restart: :permanent
Shutdown: :infinity
Type: :supervisor
16:38:18.925 [info] Application logger started at :nonode@nohost
16:38:18.925 [info] Application xp_mime started at :nonode@nohost
16:38:18.925 [info] Application xp_hpax started at :nonode@nohost
16:38:18.925 [info] Application crypto started at :nonode@nohost
16:38:18.925 [info] Application asn1 started at :nonode@nohost
16:38:18.925 [info] Application public_key started at :nonode@nohost
16:38:18.925 [debug] Child :ssl_handler of Supervisor :logger_sup started
Pid: #PID<0.108.0>
Start Call: :logger_olp.start_link(:logger_std_h_ssl_handler, :logger_h_common, %{id: :ssl_handler, module: :logger_std_h, config: %{type: :standard_io, filesync_repeat_interval: :no_repeat}, level: :debug, filters: [], formatter: {:ssl_logger, %{}}, filter_default: :stop}, %{})
Restart: :temporary
Shutdown: 2000
Type: :worker
16:38:18.926 [info] Child :ssl_pem_cache of Supervisor :ssl_admin_sup started
Pid: #PID<0.112.0>
Start Call: :ssl_pem_cache.start_link([])
Restart: :permanent
Shutdown: 4000
Type: :worker
16:38:18.927 [info] Child :ssl_manager of Supervisor :ssl_admin_sup started
Pid: #PID<0.113.0>
Start Call: :ssl_manager.start_link([])
Restart: :permanent
Shutdown: 4000
Type: :worker
16:38:18.927 [info] Child :tls_client_ticket_store of Supervisor :ssl_admin_sup started
Pid: #PID<0.114.0>
Start Call: :tls_client_ticket_store.start_link(1000, 7200)
Restart: :permanent
Shutdown: 4000
Type: :worker
16:38:18.928 [info] Child :ssl_admin_sup of Supervisor :ssl_sup started
Pid: #PID<0.111.0>
Start Call: :ssl_admin_sup.start_link()
Restart: :permanent
Shutdown: 4000
Type: :supervisor
16:38:18.928 [info] Child :tls_connection_sup of Supervisor :tls_sup started
Pid: #PID<0.117.0>
Start Call: :tls_connection_sup.start_link()
Restart: :permanent
Shutdown: 4000
Type: :supervisor
16:38:18.928 [info] Child :ssl_listen_tracker_sup of Supervisor :tls_server_sup started
Pid: #PID<0.119.0>
Start Call: :ssl_listen_tracker_sup.start_link()
Restart: :permanent
Shutdown: 4000
Type: :supervisor
16:38:18.929 [info] Child :tls_server_session_ticket of Supervisor :tls_server_sup started
Pid: #PID<0.120.0>
Start Call: :tls_server_session_ticket_sup.start_link()
Restart: :permanent
Shutdown: 4000
Type: :supervisor
16:38:18.929 [info] Child :ssl_server_session_cache_sup of Supervisor :tls_server_sup started
Pid: #PID<0.121.0>
Start Call: :ssl_server_session_cache_sup.start_link()
Restart: :permanent
Shutdown: 4000
Type: :supervisor
16:38:18.929 [info] Child :ssl_upgrade_server_session_cache_sup of Supervisor :tls_server_sup started
Pid: #PID<0.122.0>
Start Call: :ssl_upgrade_server_session_cache_sup.start_link()
Restart: :permanent
Shutdown: 4000
Type: :supervisor
16:38:18.929 [info] Child :tls_server_sup of Supervisor :tls_sup started
Pid: #PID<0.118.0>
Start Call: :tls_server_sup.start_link()
Restart: :permanent
Shutdown: 4000
Type: :supervisor
16:38:18.929 [info] Child :tls_sup of Supervisor :ssl_connection_sup started
Pid: #PID<0.116.0>
Start Call: :tls_sup.start_link()
Restart: :permanent
Shutdown: 4000
Type: :supervisor
16:38:18.929 [info] Child :dtls_connection_sup of Supervisor :dtls_sup started
Pid: #PID<0.124.0>
Start Call: :dtls_connection_sup.start_link()
Restart: :permanent
Shutdown: 4000
Type: :supervisor
16:38:18.930 [info] Child :dtls_listener_sup of Supervisor :dtls_server_sup started
Pid: #PID<0.126.0>
Start Call: :dtls_listener_sup.start_link()
Restart: :permanent
Shutdown: 4000
Type: :supervisor
16:38:18.930 [info] Child :dtls_server_session_cache_sup of Supervisor :dtls_server_sup started
Pid: #PID<0.127.0>
Start Call: :dtls_server_session_cache_sup.start_link()
Restart: :permanent
Shutdown: 4000
Type: :supervisor
16:38:18.930 [info] Child :dtls_server_sup of Supervisor :dtls_sup started
Pid: #PID<0.125.0>
Start Call: :dtls_server_sup.start_link()
Restart: :permanent
Shutdown: 4000
Type: :supervisor
16:38:18.930 [info] Child :dtls_sup of Supervisor :ssl_connection_sup started
Pid: #PID<0.123.0>
Start Call: :dtls_sup.start_link()
Restart: :permanent
Shutdown: 4000
Type: :supervisor
16:38:18.930 [info] Child :ssl_connection_sup of Supervisor :ssl_sup started
Pid: #PID<0.115.0>
Start Call: :ssl_connection_sup.start_link()
Restart: :permanent
Shutdown: 4000
Type: :supervisor
16:38:18.930 [info] Application ssl started at :nonode@nohost
16:38:18.930 [info] Application xp_mint started at :nonode@nohost
16:38:18.930 [info] Application xp_nimble_options started at :nonode@nohost
16:38:18.931 [info] Child XPNimblePool.TaskSupervisor of Supervisor #PID<0.133.0> (Supervisor.Default) started
Pid: #PID<0.134.0>
Start Call: Task.Supervisor.start_link([name: XPNimblePool.TaskSupervisor])
Restart: :permanent
Shutdown: :infinity
Type: :supervisor
16:38:18.931 [info] Application xp_nimble_pool started at :nonode@nohost
16:38:18.931 [info] Child :telemetry_handler_table of Supervisor :telemetry_sup started
Pid: #PID<0.138.0>
Start Call: :telemetry_handler_table.start_link()
Restart: :permanent
Shutdown: 5000
Type: :worker
16:38:18.931 [info] Application xp_telemetry started at :nonode@nohost
16:38:18.932 [info] Application xp_finch started at :nonode@nohost
16:38:18.937 [info] Child XPReq.Finch.PIDPartition0 of Supervisor XPReq.Finch started
Pid: #PID<0.144.0>
Start Call: Registry.Partition.start_link(XPReq.Finch.PIDPartition0, {:duplicate, XPReq.Finch, 0, 1, XPReq.Finch.KeyPartition0, XPReq.Finch.PIDPartition0, [], false})
Restart: :permanent
Shutdown: 5000
Type: :worker
16:38:18.937 [info] Child XPReq.Finch of Supervisor XPReq.Finch.Supervisor started
Pid: #PID<0.143.0>
Start Call: Registry.start_link([keys: :duplicate, name: XPReq.Finch, meta: [config: %{pools: %{}, registry_name: XPReq.Finch, supervisor_name: XPReq.Finch.PoolSupervisor, manager_name: XPReq.Finch.PoolManager, default_pool_config: %{count: 1, size: 50, mod: XPFinch.HTTP1.Pool, conn_opts: [protocols: [:http1], transport_opts: [keepalive: true, nodelay: true, timeout: 5000], ssl_key_log_file_device: nil], pool_max_idle_time: :infinity, conn_max_idle_time: :infinity, start_pool_metrics?: false}}]])
Restart: :permanent
Shutdown: :infinity
Type: :supervisor
16:38:18.937 [info] Child XPReq.Finch.PoolSupervisor of Supervisor XPReq.Finch.Supervisor started
Pid: #PID<0.145.0>
Start Call: DynamicSupervisor.start_link([name: XPReq.Finch.PoolSupervisor, strategy: :one_for_one])
Restart: :permanent
Shutdown: :infinity
Type: :supervisor
16:38:18.937 [info] Child XPFinch.PoolManager of Supervisor XPReq.Finch.Supervisor started
Pid: #PID<0.146.0>
Start Call: XPFinch.PoolManager.start_link(%{pools: %{}, registry_name: XPReq.Finch, supervisor_name: XPReq.Finch.PoolSupervisor, manager_name: XPReq.Finch.PoolManager, default_pool_config: %{count: 1, size: 50, mod: XPFinch.HTTP1.Pool, conn_opts: [protocols: [:http1], transport_opts: [keepalive: true, nodelay: true, timeout: 5000], ssl_key_log_file_device: nil], pool_max_idle_time: :infinity, conn_max_idle_time: :infinity, start_pool_metrics?: false}})
Restart: :permanent
Shutdown: 5000
Type: :worker
16:38:18.937 [info] Child XPReq.Finch of Supervisor #PID<0.141.0> (Supervisor.Default) started
Pid: #PID<0.142.0>
Start Call: XPFinch.start_link([name: XPReq.Finch, pools: %{default: [protocols: [:http1]]}])
Restart: :permanent
Shutdown: 5000
Type: :worker
16:38:18.937 [info] Child XPReq.FinchSupervisor of Supervisor #PID<0.141.0> (Supervisor.Default) started
Pid: #PID<0.147.0>
Start Call: DynamicSupervisor.start_link([strategy: :one_for_one, name: XPReq.FinchSupervisor])
Restart: :permanent
Shutdown: :infinity
Type: :supervisor
16:38:18.937 [info] Child XPReq.Test.Ownership of Supervisor #PID<0.141.0> (Supervisor.Default) started
Pid: #PID<0.148.0>
Start Call: XPReq.Test.Ownership.start_link([name: XPReq.Test.Ownership])
Restart: :permanent
Shutdown: 5000
Type: :worker
16:38:18.937 [info] Application xp_req started at :nonode@nohost
16:38:18.937 [info] Application burrito started at :nonode@nohost
16:38:18.937 [info] Application erts started at :nonode@nohost
16:38:18.937 [info] Application xp_schematic started at :nonode@nohost
16:38:18.937 [info] Application xp_typed_struct started at :nonode@nohost
16:38:18.937 [info] Application xp_gen_lsp started at :nonode@nohost
16:38:18.940 [info] Child XPSnowflake.Generator of Supervisor #PID<0.151.0> (Supervisor.Default) started
Pid: #PID<0.152.0>
Start Call: XPSnowflake.Generator.start_link(0, 1023)
Restart: :permanent
Shutdown: 5000
Type: :worker
16:38:18.940 [info] Application xp_snowflake started at :nonode@nohost
16:38:18.940 [info] Application xp_sourceror started at :nonode@nohost
16:38:18.940 [info] Application xp_forge started at :nonode@nohost
16:38:18.940 [info] Application xp_logger_file_backend started at :nonode@nohost
16:38:18.941 [info] Child :ttb_autostart of Supervisor :runtime_tools_sup started
Pid: #PID<0.156.0>
Start Call: :ttb_autostart.start_link()
Restart: :temporary
Shutdown: 3000
Type: :worker
16:38:18.941 [info] Application runtime_tools started at :nonode@nohost
16:38:18.941 [info] Application et started at :nonode@nohost
16:38:18.941 [info] Application observer started at :nonode@nohost
16:38:18.941 [info] Application xp_path_glob started at :nonode@nohost
16:38:18.945 [info] Child XPForge.Document.Store of Supervisor XPExpert.Supervisor started
Pid: #PID<0.160.0>
Start Call: XPForge.Document.Store.start_link([derive: [analysis: &XPForge.Ast.analyze/1]])
Restart: :permanent
Shutdown: 5000
Type: :worker
16:38:18.945 [info] Child XPExpert.ProjectSupervisor of Supervisor XPExpert.Supervisor started
Pid: #PID<0.161.0>
Start Call: DynamicSupervisor.start_link([name: XPExpert.ProjectSupervisor, strategy: :one_for_one])
Restart: :permanent
Shutdown: :infinity
Type: :supervisor
16:38:18.945 [info] Child XPExpert.DynamicSupervisor of Supervisor XPExpert.Supervisor started
Pid: #PID<0.162.0>
Start Call: DynamicSupervisor.start_link([name: XPExpert.DynamicSupervisor])
Restart: :permanent
Shutdown: :infinity
Type: :supervisor
16:38:18.946 [info] Child XPGenLSP.Assigns of Supervisor XPExpert.Supervisor started
Pid: #PID<0.163.0>
Start Call: XPGenLSP.Assigns.start_link([name: XPExpert.Assigns])
Restart: :permanent
Shutdown: 5000
Type: :worker
16:38:18.946 [info] Child :expert_task_queue of Supervisor XPExpert.Supervisor started
Pid: #PID<0.164.0>
Start Call: Task.Supervisor.start_link([name: :expert_task_queue])
Restart: :permanent
Shutdown: :infinity
Type: :supervisor
16:38:18.946 [info] Child XPGenLSP.Buffer of Supervisor XPExpert.Supervisor started
Pid: #PID<0.165.0>
Start Call: XPGenLSP.Buffer.start_link([name: XPExpert.Buffer])
Restart: :permanent
Shutdown: 5000
Type: :worker
16:38:18.946 [debug] [name: XPExpert, buffer: XPExpert.Buffer, task_supervisor: :expert_task_queue, dynamic_supervisor: XPExpert.DynamicSupervisor, assigns: XPExpert.Assigns]
16:38:18.948 [info] Child XPExpert of Supervisor XPExpert.Supervisor started
Pid: #PID<0.166.0>
Start Call: XPExpert.start_link([name: XPExpert, buffer: XPExpert.Buffer, task_supervisor: :expert_task_queue, dynamic_supervisor: XPExpert.DynamicSupervisor, assigns: XPExpert.Assigns])
Restart: :permanent
Shutdown: 500
Type: :worker
16:38:18.948 [info] Application xp_expert started at :nonode@nohost
16:38:32.965 [debug] Child {XPLoggerFileBackend, :general_log} of Supervisor Logger.Backends.Supervisor started
Pid: #PID<0.103.0>
Start Call: Logger.Backends.Watcher.start_link({{XPLoggerFileBackend, :general_log}, {XPLoggerFileBackend, :general_log}})
Restart: :transient
Shutdown: 5000
Type: :worker
16:38:32.965 [info] Child Logger.Backends.Supervisor of Supervisor Logger.Backends.Internal started
Pid: #PID<0.102.0>
Start Call: Logger.Backends.Supervisor.start_link([{XPLoggerFileBackend, :general_log}])
Restart: :permanent
Shutdown: :infinity
Type: :supervisor
16:38:32.965 [info] Child Logger.Backends.Internal of Supervisor Logger.Supervisor started
Pid: #PID<0.98.0>
Start Call: Logger.Backends.Internal.start_link([])
Restart: :permanent
Shutdown: :infinity
Type: :supervisor
16:38:32.965 [info] Application logger started at :nonode@nohost
16:38:32.965 [info] Application xp_mime started at :nonode@nohost
16:38:32.965 [info] Application xp_hpax started at :nonode@nohost
16:38:32.965 [info] Application crypto started at :nonode@nohost
16:38:32.965 [info] Application asn1 started at :nonode@nohost
16:38:32.965 [info] Application public_key started at :nonode@nohost
16:38:32.966 [debug] Child :ssl_handler of Supervisor :logger_sup started
Pid: #PID<0.108.0>
Start Call: :logger_olp.start_link(:logger_std_h_ssl_handler, :logger_h_common, %{id: :ssl_handler, module: :logger_std_h, config: %{type: :standard_io, filesync_repeat_interval: :no_repeat}, level: :debug, filter_default: :stop, filters: [], formatter: {:ssl_logger, %{}}}, %{})
Restart: :temporary
Shutdown: 2000
Type: :worker
16:38:32.968 [info] Child :ssl_pem_cache of Supervisor :ssl_admin_sup started
Pid: #PID<0.112.0>
Start Call: :ssl_pem_cache.start_link([])
Restart: :permanent
Shutdown: 4000
Type: :worker
16:38:32.969 [info] Child :ssl_manager of Supervisor :ssl_admin_sup started
Pid: #PID<0.113.0>
Start Call: :ssl_manager.start_link([])
Restart: :permanent
Shutdown: 4000
Type: :worker
16:38:32.969 [info] Child :tls_client_ticket_store of Supervisor :ssl_admin_sup started
Pid: #PID<0.114.0>
Start Call: :tls_client_ticket_store.start_link(1000, 7200)
Restart: :permanent
Shutdown: 4000
Type: :worker
16:38:32.969 [info] Child :ssl_admin_sup of Supervisor :ssl_sup started
Pid: #PID<0.111.0>
Start Call: :ssl_admin_sup.start_link()
Restart: :permanent
Shutdown: 4000
Type: :supervisor
16:38:32.970 [info] Child :tls_connection_sup of Supervisor :tls_sup started
Pid: #PID<0.117.0>
Start Call: :tls_connection_sup.start_link()
Restart: :permanent
Shutdown: 4000
Type: :supervisor
16:38:32.970 [info] Child :ssl_listen_tracker_sup of Supervisor :tls_server_sup started
Pid: #PID<0.119.0>
Start Call: :ssl_listen_tracker_sup.start_link()
Restart: :permanent
Shutdown: 4000
Type: :supervisor
16:38:32.970 [info] Child :tls_server_session_ticket of Supervisor :tls_server_sup started
Pid: #PID<0.120.0>
Start Call: :tls_server_session_ticket_sup.start_link()
Restart: :permanent
Shutdown: 4000
Type: :supervisor
16:38:32.970 [info] Child :ssl_server_session_cache_sup of Supervisor :tls_server_sup started
Pid: #PID<0.121.0>
Start Call: :ssl_server_session_cache_sup.start_link()
Restart: :permanent
Shutdown: 4000
Type: :supervisor
16:38:32.971 [info] Child :ssl_upgrade_server_session_cache_sup of Supervisor :tls_server_sup started
Pid: #PID<0.122.0>
Start Call: :ssl_upgrade_server_session_cache_sup.start_link()
Restart: :permanent
Shutdown: 4000
Type: :supervisor
16:38:32.971 [info] Child :tls_server_sup of Supervisor :tls_sup started
Pid: #PID<0.118.0>
Start Call: :tls_server_sup.start_link()
Restart: :permanent
Shutdown: 4000
Type: :supervisor
16:38:32.971 [info] Child :tls_sup of Supervisor :ssl_connection_sup started
Pid: #PID<0.116.0>
Start Call: :tls_sup.start_link()
Restart: :permanent
Shutdown: 4000
Type: :supervisor
16:38:32.971 [info] Child :dtls_connection_sup of Supervisor :dtls_sup started
Pid: #PID<0.124.0>
Start Call: :dtls_connection_sup.start_link()
Restart: :permanent
Shutdown: 4000
Type: :supervisor
16:38:32.971 [info] Child :dtls_listener_sup of Supervisor :dtls_server_sup started
Pid: #PID<0.126.0>
Start Call: :dtls_listener_sup.start_link()
Restart: :permanent
Shutdown: 4000
Type: :supervisor
16:38:32.972 [info] Child :dtls_server_session_cache_sup of Supervisor :dtls_server_sup started
Pid: #PID<0.127.0>
Start Call: :dtls_server_session_cache_sup.start_link()
Restart: :permanent
Shutdown: 4000
Type: :supervisor
16:38:32.972 [info] Child :dtls_server_sup of Supervisor :dtls_sup started
Pid: #PID<0.125.0>
Start Call: :dtls_server_sup.start_link()
Restart: :permanent
Shutdown: 4000
Type: :supervisor
16:38:32.972 [info] Child :dtls_sup of Supervisor :ssl_connection_sup started
Pid: #PID<0.123.0>
Start Call: :dtls_sup.start_link()
Restart: :permanent
Shutdown: 4000
Type: :supervisor
16:38:32.972 [info] Child :ssl_connection_sup of Supervisor :ssl_sup started
Pid: #PID<0.115.0>
Start Call: :ssl_connection_sup.start_link()
Restart: :permanent
Shutdown: 4000
Type: :supervisor
16:38:32.972 [info] Application ssl started at :nonode@nohost
16:38:32.972 [info] Application xp_mint started at :nonode@nohost
16:38:32.972 [info] Application xp_nimble_options started at :nonode@nohost
16:38:32.973 [info] Child XPNimblePool.TaskSupervisor of Supervisor #PID<0.133.0> (Supervisor.Default) started
Pid: #PID<0.134.0>
Start Call: Task.Supervisor.start_link([name: XPNimblePool.TaskSupervisor])
Restart: :permanent
Shutdown: :infinity
Type: :supervisor
16:38:32.973 [info] Application xp_nimble_pool started at :nonode@nohost
16:38:32.973 [info] Child :telemetry_handler_table of Supervisor :telemetry_sup started
Pid: #PID<0.138.0>
Start Call: :telemetry_handler_table.start_link()
Restart: :permanent
Shutdown: 5000
Type: :worker
16:38:32.973 [info] Application xp_telemetry started at :nonode@nohost
16:38:32.974 [info] Application xp_finch started at :nonode@nohost
16:38:32.979 [info] Child XPReq.Finch.PIDPartition0 of Supervisor XPReq.Finch started
Pid: #PID<0.144.0>
Start Call: Registry.Partition.start_link(XPReq.Finch.PIDPartition0, {:duplicate, XPReq.Finch, 0, 1, XPReq.Finch.KeyPartition0, XPReq.Finch.PIDPartition0, [], false})
Restart: :permanent
Shutdown: 5000
Type: :worker
16:38:32.979 [info] Child XPReq.Finch of Supervisor XPReq.Finch.Supervisor started
Pid: #PID<0.143.0>
Start Call: Registry.start_link([keys: :duplicate, name: XPReq.Finch, meta: [config: %{pools: %{}, registry_name: XPReq.Finch, supervisor_name: XPReq.Finch.PoolSupervisor, manager_name: XPReq.Finch.PoolManager, default_pool_config: %{count: 1, size: 50, mod: XPFinch.HTTP1.Pool, conn_opts: [protocols: [:http1], transport_opts: [keepalive: true, nodelay: true, timeout: 5000], ssl_key_log_file_device: nil], pool_max_idle_time: :infinity, conn_max_idle_time: :infinity, start_pool_metrics?: false}}]])
Restart: :permanent
Shutdown: :infinity
Type: :supervisor
16:38:32.979 [info] Child XPReq.Finch.PoolSupervisor of Supervisor XPReq.Finch.Supervisor started
Pid: #PID<0.145.0>
Start Call: DynamicSupervisor.start_link([name: XPReq.Finch.PoolSupervisor, strategy: :one_for_one])
Restart: :permanent
Shutdown: :infinity
Type: :supervisor
16:38:32.979 [info] Child XPFinch.PoolManager of Supervisor XPReq.Finch.Supervisor started
Pid: #PID<0.146.0>
Start Call: XPFinch.PoolManager.start_link(%{pools: %{}, registry_name: XPReq.Finch, supervisor_name: XPReq.Finch.PoolSupervisor, manager_name: XPReq.Finch.PoolManager, default_pool_config: %{count: 1, size: 50, mod: XPFinch.HTTP1.Pool, conn_opts: [protocols: [:http1], transport_opts: [keepalive: true, nodelay: true, timeout: 5000], ssl_key_log_file_device: nil], pool_max_idle_time: :infinity, conn_max_idle_time: :infinity, start_pool_metrics?: false}})
Restart: :permanent
Shutdown: 5000
Type: :worker
16:38:32.979 [info] Child XPReq.Finch of Supervisor #PID<0.141.0> (Supervisor.Default) started
Pid: #PID<0.142.0>
Start Call: XPFinch.start_link([name: XPReq.Finch, pools: %{default: [protocols: [:http1]]}])
Restart: :permanent
Shutdown: 5000
Type: :worker
16:38:32.979 [info] Child XPReq.FinchSupervisor of Supervisor #PID<0.141.0> (Supervisor.Default) started
Pid: #PID<0.147.0>
Start Call: DynamicSupervisor.start_link([strategy: :one_for_one, name: XPReq.FinchSupervisor])
Restart: :permanent
Shutdown: :infinity
Type: :supervisor
16:38:32.979 [info] Child XPReq.Test.Ownership of Supervisor #PID<0.141.0> (Supervisor.Default) started
Pid: #PID<0.148.0>
Start Call: XPReq.Test.Ownership.start_link([name: XPReq.Test.Ownership])
Restart: :permanent
Shutdown: 5000
Type: :worker
16:38:32.979 [info] Application xp_req started at :nonode@nohost
16:38:32.980 [info] Application burrito started at :nonode@nohost
16:38:32.980 [info] Application erts started at :nonode@nohost
16:38:32.980 [info] Application xp_schematic started at :nonode@nohost
16:38:32.980 [info] Application xp_typed_struct started at :nonode@nohost
16:38:32.980 [info] Application xp_gen_lsp started at :nonode@nohost
16:38:32.982 [info] Child XPSnowflake.Generator of Supervisor #PID<0.151.0> (Supervisor.Default) started
Pid: #PID<0.152.0>
Start Call: XPSnowflake.Generator.start_link(0, 1023)
Restart: :permanent
Shutdown: 5000
Type: :worker
16:38:32.982 [info] Application xp_snowflake started at :nonode@nohost
16:38:32.982 [info] Application xp_sourceror started at :nonode@nohost
16:38:32.982 [info] Application xp_forge started at :nonode@nohost
16:38:32.982 [info] Application xp_logger_file_backend started at :nonode@nohost
16:38:32.984 [info] Child :ttb_autostart of Supervisor :runtime_tools_sup started
Pid: #PID<0.156.0>
Start Call: :ttb_autostart.start_link()
Restart: :temporary
Shutdown: 3000
Type: :worker
16:38:32.984 [info] Application runtime_tools started at :nonode@nohost
16:38:32.984 [info] Application et started at :nonode@nohost
16:38:32.984 [info] Application observer started at :nonode@nohost
16:38:32.984 [info] Application xp_path_glob started at :nonode@nohost
16:38:32.987 [info] Child XPForge.Document.Store of Supervisor XPExpert.Supervisor started
Pid: #PID<0.160.0>
Start Call: XPForge.Document.Store.start_link([derive: [analysis: &XPForge.Ast.analyze/1]])
Restart: :permanent
Shutdown: 5000
Type: :worker
16:38:32.988 [info] Child XPExpert.ProjectSupervisor of Supervisor XPExpert.Supervisor started
Pid: #PID<0.161.0>
Start Call: DynamicSupervisor.start_link([name: XPExpert.ProjectSupervisor, strategy: :one_for_one])
Restart: :permanent
Shutdown: :infinity
Type: :supervisor
16:38:32.988 [info] Child XPExpert.DynamicSupervisor of Supervisor XPExpert.Supervisor started
Pid: #PID<0.162.0>
Start Call: DynamicSupervisor.start_link([name: XPExpert.DynamicSupervisor])
Restart: :permanent
Shutdown: :infinity
Type: :supervisor
16:38:32.988 [info] Child XPGenLSP.Assigns of Supervisor XPExpert.Supervisor started
Pid: #PID<0.163.0>
Start Call: XPGenLSP.Assigns.start_link([name: XPExpert.Assigns])
Restart: :permanent
Shutdown: 5000
Type: :worker
16:38:32.988 [info] Child :expert_task_queue of Supervisor XPExpert.Supervisor started
Pid: #PID<0.164.0>
Start Call: Task.Supervisor.start_link([name: :expert_task_queue])
Restart: :permanent
Shutdown: :infinity
Type: :supervisor
16:38:32.988 [info] Child XPGenLSP.Buffer of Supervisor XPExpert.Supervisor started
Pid: #PID<0.165.0>
Start Call: XPGenLSP.Buffer.start_link([name: XPExpert.Buffer])
Restart: :permanent
Shutdown: 5000
Type: :worker
16:38:32.989 [debug] [name: XPExpert, buffer: XPExpert.Buffer, task_supervisor: :expert_task_queue, dynamic_supervisor: XPExpert.DynamicSupervisor, assigns: XPExpert.Assigns]
16:38:32.990 [info] Child XPExpert of Supervisor XPExpert.Supervisor started
Pid: #PID<0.166.0>
Start Call: XPExpert.start_link([name: XPExpert, buffer: XPExpert.Buffer, task_supervisor: :expert_task_queue, dynamic_supervisor: XPExpert.DynamicSupervisor, assigns: XPExpert.Assigns])
Restart: :permanent
Shutdown: 500
Type: :worker
16:38:32.990 [info] Application xp_expert started at :nonode@nohost
16:38:33.012 [info] Starting project at uri file:///mnt/Extra/repos/damazioengine/src
16:38:33.016 [info] Child {XPExpert.Project.Progress, "src"} of Supervisor :"src::supervisor" started
Pid: #PID<0.171.0>
Start Call: XPExpert.Project.Progress.start_link(%XPForge.Project{root_uri: "file:///mnt/Extra/repos/damazioengine/src", mix_exs_uri: "file:///mnt/Extra/repos/damazioengine/src/mix.exs", mix_project?: true, mix_env: nil, mix_target: nil, env_variables: %{}, project_module: nil, entropy: 51963})
Restart: :permanent
Shutdown: 5000
Type: :worker
16:38:33.017 [info] Child {XPExpert.EngineSupervisor, "src"} of Supervisor :"src::supervisor" started
Pid: #PID<0.172.0>
Start Call: XPExpert.EngineSupervisor.start_link(%XPForge.Project{root_uri: "file:///mnt/Extra/repos/damazioengine/src", mix_exs_uri: "file:///mnt/Extra/repos/damazioengine/src/mix.exs", mix_project?: true, mix_env: nil, mix_target: nil, env_variables: %{}, project_module: nil, entropy: 51963})
Restart: :permanent
Shutdown: 5000
Type: :worker
16:38:33.018 [debug] sent request server -> client window/workDoneProgress/create
16:38:33.021 [info] Child :erl_epmd of Supervisor :net_sup started
Pid: #PID<0.175.0>
Start Call: :erl_epmd.start_link()
Restart: :permanent
Shutdown: 2000
Type: :worker
16:38:33.021 [info] Child :auth of Supervisor :net_sup started
Pid: #PID<0.176.0>
Start Call: :auth.start_link()
Restart: :permanent
Shutdown: 2000
Type: :worker
16:38:33.021 [debug] sent notification server -> client $/progress
16:38:33.023 [info] Child :net_kernel of Supervisor :net_sup started
Pid: #PID<0.177.0>
Start Call: :net_kernel.start_link(%{name: :"manager-src-51963@127.0.0.1", supervisor: :net_sup_dynamic, name_domain: :longnames, clean_halt: false})
Restart: :permanent
Shutdown: 2000
Type: :worker
16:38:33.023 [debug] Child :net_sup_dynamic of Supervisor :kernel_sup started
Pid: #PID<0.174.0>
Start Call: :erl_distribution.start_link(%{name: :"manager-src-51963@127.0.0.1", supervisor: :net_sup_dynamic, name_domain: :longnames, clean_halt: false})
Restart: :permanent
Shutdown: 1000
Type: :supervisor
16:38:33.033 [debug] handled request client -> server initialize in 39ms
16:38:33.034 [debug] sent request server -> client client/registerCapability
16:38:33.037 [info] ################### opened file:///mnt/Extra/repos/damazioengine/src/lib/src/accounts.ex
16:38:33.037 [debug] handled notification client -> server textDocument/didOpen in 3ms
16:38:33.039 [debug] handled notification client -> server initialized in 5ms
16:38:33.060 [debug] sent notification server -> client window/logMessage
16:38:33.061 [debug] sent notification server -> client window/logMessage
16:38:33.061 [debug] sent request server -> client window/workDoneProgress/create
16:38:33.062 [debug] sent notification server -> client $/progress
16:38:36.907 [info] Engine build available at: /home/fabri/.local/share/Expert/0.1.0-46713a1/ex-1.19.1-erl-16.1.1/wJ1bbsWn_KYoigK9PwMOAQ/_build/dev_ns
16:38:36.922 [debug] sent notification server -> client $/progress
16:38:37.296 [debug] sent notification server -> client $/progress
16:38:37.296 [info] Child {XPExpert.Project.Node, "src"} of Supervisor :"src::supervisor" started
Pid: #PID<0.173.0>
Start Call: XPExpert.Project.Node.start_link(%XPForge.Project{root_uri: "file:///mnt/Extra/repos/damazioengine/src", mix_exs_uri: "file:///mnt/Extra/repos/damazioengine/src/mix.exs", mix_project?: true, mix_env: nil, mix_target: nil, env_variables: %{}, project_module: nil, entropy: 51963})
Restart: :permanent
Shutdown: 5000
Type: :worker
16:38:37.297 [info] Child {XPExpert.Project.Diagnostics, "src"} of Supervisor :"src::supervisor" started
Pid: #PID<0.187.0>
Start Call: XPExpert.Project.Diagnostics.start_link(%XPForge.Project{root_uri: "file:///mnt/Extra/repos/damazioengine/src", mix_exs_uri: "file:///mnt/Extra/repos/damazioengine/src/mix.exs", mix_project?: true, mix_env: nil, mix_target: nil, env_variables: %{}, project_module: nil, entropy: 51963})
Restart: :permanent
Shutdown: 5000
Type: :worker
16:38:37.297 [info] Child {XPExpert.Project.Intelligence, "src"} of Supervisor :"src::supervisor" started
Pid: #PID<0.188.0>
Start Call: XPExpert.Project.Intelligence.start_link(%XPForge.Project{root_uri: "file:///mnt/Extra/repos/damazioengine/src", mix_exs_uri: "file:///mnt/Extra/repos/damazioengine/src/mix.exs", mix_project?: true, mix_env: nil, mix_target: nil, env_variables: %{}, project_module: nil, entropy: 51963})
Restart: :permanent
Shutdown: 5000
Type: :worker
16:38:37.298 [info] Child XPExpert.Project.SearchListener of Supervisor :"src::supervisor" started
Pid: #PID<0.189.0>
Start Call: XPExpert.Project.SearchListener.start_link(%XPForge.Project{root_uri: "file:///mnt/Extra/repos/damazioengine/src", mix_exs_uri: "file:///mnt/Extra/repos/damazioengine/src/mix.exs", mix_project?: true, mix_env: nil, mix_target: nil, env_variables: %{}, project_module: nil, entropy: 51963})
Restart: :permanent
Shutdown: 5000
Type: :worker
16:38:37.298 [info] Engine initialized
16:38:37.366 [debug] sent request server -> client window/workDoneProgress/create
16:38:37.366 [debug] sent notification server -> client $/progress
16:38:37.583 [debug] sent notification server -> client $/progress
16:38:37.583 [debug] sent request server -> client window/workDoneProgress/create
16:38:37.583 [debug] sent notification server -> client $/progress
16:38:37.720 [debug] sent notification server -> client $/progress
16:38:37.720 [debug] sent request server -> client window/workDoneProgress/create
16:38:37.721 [debug] sent notification server -> client $/progress
16:38:38.046 [debug] sent notification server -> client $/progress
16:38:38.046 [debug] sent request server -> client window/workDoneProgress/create
16:38:38.046 [debug] sent notification server -> client $/progress
16:38:38.050 [debug] sent notification server -> client $/progress
16:38:38.050 [debug] sent request server -> client window/workDoneProgress/create
16:38:38.050 [debug] sent notification server -> client $/progress
16:38:38.052 [debug] sent notification server -> client $/progress
16:38:38.052 [debug] sent request server -> client window/workDoneProgress/create
16:38:38.052 [debug] sent notification server -> client $/progress
16:38:38.099 [debug] sent notification server -> client $/progress
16:38:38.106 [info] Compiled src in 756 ms
16:38:38.108 [debug] sent notification server -> client textDocument/publishDiagnostics
16:38:38.590 [debug] sent request server -> client window/workDoneProgress/create
16:38:38.591 [debug] sent notification server -> client $/progress
16:38:38.735 [debug] sent notification server -> client $/progress
16:38:38.765 [debug] sent notification server -> client $/progress
16:38:38.801 [debug] sent notification server -> client $/progress
16:38:38.854 [debug] sent notification server -> client $/progress
16:38:38.855 [debug] sent notification server -> client $/progress
16:40:54.931 [debug] sent notification server -> client window/logMessage
16:40:54.931 [info] Shutting down
16:40:54.932 [error] ** (XPGenLSP.InvalidResponse) Invalid response for request shutdown.

Response: {:ok, nil}
Errors: "expected either null or a %XPGenLSP.ErrorResponse{}"

16:40:54.932 [debug] handled request client -> server shutdown in 3ms
16:40:54.953 [info] SIGTERM received - shutting down

16:41:08.082 [debug] Child {XPLoggerFileBackend, :general_log} of Supervisor Logger.Backends.Supervisor started
Pid: #PID<0.103.0>
Start Call: Logger.Backends.Watcher.start_link({{XPLoggerFileBackend, :general_log}, {XPLoggerFileBackend, :general_log}})
Restart: :transient
Shutdown: 5000
Type: :worker
16:41:08.082 [info] Child Logger.Backends.Supervisor of Supervisor Logger.Backends.Internal started
Pid: #PID<0.102.0>
Start Call: Logger.Backends.Supervisor.start_link([{XPLoggerFileBackend, :general_log}])
Restart: :permanent
Shutdown: :infinity
Type: :supervisor
16:41:08.082 [info] Child Logger.Backends.Internal of Supervisor Logger.Supervisor started
Pid: #PID<0.98.0>
Start Call: Logger.Backends.Internal.start_link([])
Restart: :permanent
Shutdown: :infinity
Type: :supervisor
16:41:08.082 [info] Application logger started at :nonode@nohost
16:41:08.082 [info] Application xp_mime started at :nonode@nohost
16:41:08.082 [info] Application xp_hpax started at :nonode@nohost
16:41:08.082 [info] Application crypto started at :nonode@nohost
16:41:08.082 [info] Application asn1 started at :nonode@nohost
16:41:08.082 [info] Application public_key started at :nonode@nohost
16:41:08.083 [debug] Child :ssl_handler of Supervisor :logger_sup started
Pid: #PID<0.108.0>
Start Call: :logger_olp.start_link(:logger_std_h_ssl_handler, :logger_h_common, %{id: :ssl_handler, module: :logger_std_h, config: %{type: :standard_io, filesync_repeat_interval: :no_repeat}, level: :debug, filters: [], filter_default: :stop, formatter: {:ssl_logger, %{}}}, %{})
Restart: :temporary
Shutdown: 2000
Type: :worker
16:41:08.084 [info] Child :ssl_pem_cache of Supervisor :ssl_admin_sup started
Pid: #PID<0.112.0>
Start Call: :ssl_pem_cache.start_link([])
Restart: :permanent
Shutdown: 4000
Type: :worker
16:41:08.085 [info] Child :ssl_manager of Supervisor :ssl_admin_sup started
Pid: #PID<0.113.0>
Start Call: :ssl_manager.start_link([])
Restart: :permanent
Shutdown: 4000
Type: :worker
16:41:08.085 [info] Child :tls_client_ticket_store of Supervisor :ssl_admin_sup started
Pid: #PID<0.114.0>
Start Call: :tls_client_ticket_store.start_link(1000, 7200)
Restart: :permanent
Shutdown: 4000
Type: :worker
16:41:08.085 [info] Child :ssl_admin_sup of Supervisor :ssl_sup started
Pid: #PID<0.111.0>
Start Call: :ssl_admin_sup.start_link()
Restart: :permanent
Shutdown: 4000
Type: :supervisor
16:41:08.085 [info] Child :tls_connection_sup of Supervisor :tls_sup started
Pid: #PID<0.117.0>
Start Call: :tls_connection_sup.start_link()
Restart: :permanent
Shutdown: 4000
Type: :supervisor
16:41:08.086 [info] Child :ssl_listen_tracker_sup of Supervisor :tls_server_sup started
Pid: #PID<0.119.0>
Start Call: :ssl_listen_tracker_sup.start_link()
Restart: :permanent
Shutdown: 4000
Type: :supervisor
16:41:08.086 [info] Child :tls_server_session_ticket of Supervisor :tls_server_sup started
Pid: #PID<0.120.0>
Start Call: :tls_server_session_ticket_sup.start_link()
Restart: :permanent
Shutdown: 4000
Type: :supervisor
16:41:08.086 [info] Child :ssl_server_session_cache_sup of Supervisor :tls_server_sup started
Pid: #PID<0.121.0>
Start Call: :ssl_server_session_cache_sup.start_link()
Restart: :permanent
Shutdown: 4000
Type: :supervisor
16:41:08.086 [info] Child :ssl_upgrade_server_session_cache_sup of Supervisor :tls_server_sup started
Pid: #PID<0.122.0>
Start Call: :ssl_upgrade_server_session_cache_sup.start_link()
Restart: :permanent
Shutdown: 4000
Type: :supervisor
16:41:08.086 [info] Child :tls_server_sup of Supervisor :tls_sup started
Pid: #PID<0.118.0>
Start Call: :tls_server_sup.start_link()
Restart: :permanent
Shutdown: 4000
Type: :supervisor
16:41:08.086 [info] Child :tls_sup of Supervisor :ssl_connection_sup started
Pid: #PID<0.116.0>
Start Call: :tls_sup.start_link()
Restart: :permanent
Shutdown: 4000
Type: :supervisor
16:41:08.087 [info] Child :dtls_connection_sup of Supervisor :dtls_sup started
Pid: #PID<0.124.0>
Start Call: :dtls_connection_sup.start_link()
Restart: :permanent
Shutdown: 4000
Type: :supervisor
16:41:08.087 [info] Child :dtls_listener_sup of Supervisor :dtls_server_sup started
Pid: #PID<0.126.0>
Start Call: :dtls_listener_sup.start_link()
Restart: :permanent
Shutdown: 4000
Type: :supervisor
16:41:08.087 [info] Child :dtls_server_session_cache_sup of Supervisor :dtls_server_sup started
Pid: #PID<0.127.0>
Start Call: :dtls_server_session_cache_sup.start_link()
Restart: :permanent
Shutdown: 4000
Type: :supervisor
16:41:08.087 [info] Child :dtls_server_sup of Supervisor :dtls_sup started
Pid: #PID<0.125.0>
Start Call: :dtls_server_sup.start_link()
Restart: :permanent
Shutdown: 4000
Type: :supervisor
16:41:08.087 [info] Child :dtls_sup of Supervisor :ssl_connection_sup started
Pid: #PID<0.123.0>
Start Call: :dtls_sup.start_link()
Restart: :permanent
Shutdown: 4000
Type: :supervisor
16:41:08.087 [info] Child :ssl_connection_sup of Supervisor :ssl_sup started
Pid: #PID<0.115.0>
Start Call: :ssl_connection_sup.start_link()
Restart: :permanent
Shutdown: 4000
Type: :supervisor
16:41:08.087 [info] Application ssl started at :nonode@nohost
16:41:08.088 [info] Application xp_mint started at :nonode@nohost
16:41:08.088 [info] Application xp_nimble_options started at :nonode@nohost
16:41:08.088 [info] Child XPNimblePool.TaskSupervisor of Supervisor #PID<0.133.0> (Supervisor.Default) started
Pid: #PID<0.134.0>
Start Call: Task.Supervisor.start_link([name: XPNimblePool.TaskSupervisor])
Restart: :permanent
Shutdown: :infinity
Type: :supervisor
16:41:08.088 [info] Application xp_nimble_pool started at :nonode@nohost
16:41:08.089 [info] Child :telemetry_handler_table of Supervisor :telemetry_sup started
Pid: #PID<0.138.0>
Start Call: :telemetry_handler_table.start_link()
Restart: :permanent
Shutdown: 5000
Type: :worker
16:41:08.089 [info] Application xp_telemetry started at :nonode@nohost
16:41:08.089 [info] Application xp_finch started at :nonode@nohost
16:41:08.094 [info] Child XPReq.Finch.PIDPartition0 of Supervisor XPReq.Finch started
Pid: #PID<0.144.0>
Start Call: Registry.Partition.start_link(XPReq.Finch.PIDPartition0, {:duplicate, XPReq.Finch, 0, 1, XPReq.Finch.KeyPartition0, XPReq.Finch.PIDPartition0, [], false})
Restart: :permanent
Shutdown: 5000
Type: :worker
16:41:08.094 [info] Child XPReq.Finch of Supervisor XPReq.Finch.Supervisor started
Pid: #PID<0.143.0>
Start Call: Registry.start_link([keys: :duplicate, name: XPReq.Finch, meta: [config: %{pools: %{}, registry_name: XPReq.Finch, supervisor_name: XPReq.Finch.PoolSupervisor, manager_name: XPReq.Finch.PoolManager, default_pool_config: %{count: 1, size: 50, mod: XPFinch.HTTP1.Pool, conn_opts: [protocols: [:http1], transport_opts: [keepalive: true, nodelay: true, timeout: 5000], ssl_key_log_file_device: nil], pool_max_idle_time: :infinity, conn_max_idle_time: :infinity, start_pool_metrics?: false}}]])
Restart: :permanent
Shutdown: :infinity
Type: :supervisor
16:41:08.094 [info] Child XPReq.Finch.PoolSupervisor of Supervisor XPReq.Finch.Supervisor started
Pid: #PID<0.145.0>
Start Call: DynamicSupervisor.start_link([name: XPReq.Finch.PoolSupervisor, strategy: :one_for_one])
Restart: :permanent
Shutdown: :infinity
Type: :supervisor
16:41:08.095 [info] Child XPFinch.PoolManager of Supervisor XPReq.Finch.Supervisor started
Pid: #PID<0.146.0>
Start Call: XPFinch.PoolManager.start_link(%{pools: %{}, registry_name: XPReq.Finch, supervisor_name: XPReq.Finch.PoolSupervisor, manager_name: XPReq.Finch.PoolManager, default_pool_config: %{count: 1, size: 50, mod: XPFinch.HTTP1.Pool, conn_opts: [protocols: [:http1], transport_opts: [keepalive: true, nodelay: true, timeout: 5000], ssl_key_log_file_device: nil], pool_max_idle_time: :infinity, conn_max_idle_time: :infinity, start_pool_metrics?: false}})
Restart: :permanent
Shutdown: 5000
Type: :worker
16:41:08.095 [info] Child XPReq.Finch of Supervisor #PID<0.141.0> (Supervisor.Default) started
Pid: #PID<0.142.0>
Start Call: XPFinch.start_link([name: XPReq.Finch, pools: %{default: [protocols: [:http1]]}])
Restart: :permanent
Shutdown: 5000
Type: :worker
16:41:08.095 [info] Child XPReq.FinchSupervisor of Supervisor #PID<0.141.0> (Supervisor.Default) started
Pid: #PID<0.147.0>
Start Call: DynamicSupervisor.start_link([strategy: :one_for_one, name: XPReq.FinchSupervisor])
Restart: :permanent
Shutdown: :infinity
Type: :supervisor
16:41:08.095 [info] Child XPReq.Test.Ownership of Supervisor #PID<0.141.0> (Supervisor.Default) started
Pid: #PID<0.148.0>
Start Call: XPReq.Test.Ownership.start_link([name: XPReq.Test.Ownership])
Restart: :permanent
Shutdown: 5000
Type: :worker
16:41:08.095 [info] Application xp_req started at :nonode@nohost
16:41:08.095 [info] Application burrito started at :nonode@nohost
16:41:08.095 [info] Application erts started at :nonode@nohost
16:41:08.095 [info] Application xp_schematic started at :nonode@nohost
16:41:08.095 [info] Application xp_typed_struct started at :nonode@nohost
16:41:08.095 [info] Application xp_gen_lsp started at :nonode@nohost
16:41:08.097 [info] Child XPSnowflake.Generator of Supervisor #PID<0.151.0> (Supervisor.Default) started
Pid: #PID<0.152.0>
Start Call: XPSnowflake.Generator.start_link(0, 1023)
Restart: :permanent
Shutdown: 5000
Type: :worker
16:41:08.097 [info] Application xp_snowflake started at :nonode@nohost
16:41:08.097 [info] Application xp_sourceror started at :nonode@nohost
16:41:08.097 [info] Application xp_forge started at :nonode@nohost
16:41:08.097 [info] Application xp_logger_file_backend started at :nonode@nohost
16:41:08.098 [info] Child :ttb_autostart of Supervisor :runtime_tools_sup started
Pid: #PID<0.156.0>
Start Call: :ttb_autostart.start_link()
Restart: :temporary
Shutdown: 3000
Type: :worker
16:41:08.098 [info] Application runtime_tools started at :nonode@nohost
16:41:08.099 [info] Application et started at :nonode@nohost
16:41:08.099 [info] Application observer started at :nonode@nohost
16:41:08.099 [info] Application xp_path_glob started at :nonode@nohost
16:41:08.103 [info] Child XPForge.Document.Store of Supervisor XPExpert.Supervisor started
Pid: #PID<0.160.0>
Start Call: XPForge.Document.Store.start_link([derive: [analysis: &XPForge.Ast.analyze/1]])
Restart: :permanent
Shutdown: 5000
Type: :worker
16:41:08.103 [info] Child XPExpert.ProjectSupervisor of Supervisor XPExpert.Supervisor started
Pid: #PID<0.161.0>
Start Call: DynamicSupervisor.start_link([name: XPExpert.ProjectSupervisor, strategy: :one_for_one])
Restart: :permanent
Shutdown: :infinity
Type: :supervisor
16:41:08.103 [info] Child XPExpert.DynamicSupervisor of Supervisor XPExpert.Supervisor started
Pid: #PID<0.162.0>
Start Call: DynamicSupervisor.start_link([name: XPExpert.DynamicSupervisor])
Restart: :permanent
Shutdown: :infinity
Type: :supervisor
16:41:08.104 [info] Child XPGenLSP.Assigns of Supervisor XPExpert.Supervisor started
Pid: #PID<0.163.0>
Start Call: XPGenLSP.Assigns.start_link([name: XPExpert.Assigns])
Restart: :permanent
Shutdown: 5000
Type: :worker
16:41:08.104 [info] Child :expert_task_queue of Supervisor XPExpert.Supervisor started
Pid: #PID<0.164.0>
Start Call: Task.Supervisor.start_link([name: :expert_task_queue])
Restart: :permanent
Shutdown: :infinity
Type: :supervisor
16:41:08.104 [info] Child XPGenLSP.Buffer of Supervisor XPExpert.Supervisor started
Pid: #PID<0.165.0>
Start Call: XPGenLSP.Buffer.start_link([name: XPExpert.Buffer])
Restart: :permanent
Shutdown: 5000
Type: :worker
16:41:08.104 [debug] [name: XPExpert, buffer: XPExpert.Buffer, task_supervisor: :expert_task_queue, dynamic_supervisor: XPExpert.DynamicSupervisor, assigns: XPExpert.Assigns]
16:41:08.105 [info] Child XPExpert of Supervisor XPExpert.Supervisor started
Pid: #PID<0.166.0>
Start Call: XPExpert.start_link([name: XPExpert, buffer: XPExpert.Buffer, task_supervisor: :expert_task_queue, dynamic_supervisor: XPExpert.DynamicSupervisor, assigns: XPExpert.Assigns])
Restart: :permanent
Shutdown: 500
Type: :worker
16:41:08.105 [info] Application xp_expert started at :nonode@nohost
16:41:08.127 [info] Starting project at uri file:///mnt/Extra/repos/damazioengine/src
16:41:08.131 [info] Child {XPExpert.Project.Progress, "src"} of Supervisor :"src::supervisor" started
Pid: #PID<0.171.0>
Start Call: XPExpert.Project.Progress.start_link(%XPForge.Project{root_uri: "file:///mnt/Extra/repos/damazioengine/src", mix_exs_uri: "file:///mnt/Extra/repos/damazioengine/src/mix.exs", mix_project?: true, mix_env: nil, mix_target: nil, env_variables: %{}, project_module: nil, entropy: 60652})
Restart: :permanent
Shutdown: 5000
Type: :worker
16:41:08.132 [info] Child {XPExpert.EngineSupervisor, "src"} of Supervisor :"src::supervisor" started
Pid: #PID<0.172.0>
Start Call: XPExpert.EngineSupervisor.start_link(%XPForge.Project{root_uri: "file:///mnt/Extra/repos/damazioengine/src", mix_exs_uri: "file:///mnt/Extra/repos/damazioengine/src/mix.exs", mix_project?: true, mix_env: nil, mix_target: nil, env_variables: %{}, project_module: nil, entropy: 60652})
Restart: :permanent
Shutdown: 5000
Type: :worker
16:41:08.133 [debug] sent request server -> client window/workDoneProgress/create
16:41:08.136 [info] Child :erl_epmd of Supervisor :net_sup started
Pid: #PID<0.175.0>
Start Call: :erl_epmd.start_link()
Restart: :permanent
Shutdown: 2000
Type: :worker
16:41:08.137 [debug] sent notification server -> client $/progress
16:41:08.137 [info] Child :auth of Supervisor :net_sup started
Pid: #PID<0.176.0>
Start Call: :auth.start_link()
Restart: :permanent
Shutdown: 2000
Type: :worker
16:41:08.138 [info] Child :net_kernel of Supervisor :net_sup started
Pid: #PID<0.177.0>
Start Call: :net_kernel.start_link(%{name: :"manager-src-60652@127.0.0.1", supervisor: :net_sup_dynamic, name_domain: :longnames, clean_halt: false})
Restart: :permanent
Shutdown: 2000
Type: :worker
16:41:08.139 [debug] Child :net_sup_dynamic of Supervisor :kernel_sup started
Pid: #PID<0.174.0>
Start Call: :erl_distribution.start_link(%{name: :"manager-src-60652@127.0.0.1", supervisor: :net_sup_dynamic, name_domain: :longnames, clean_halt: false})
Restart: :permanent
Shutdown: 1000
Type: :supervisor
16:41:08.148 [debug] handled request client -> server initialize in 39ms
16:41:08.149 [debug] sent request server -> client client/registerCapability
16:41:08.153 [info] ################### opened file:///mnt/Extra/repos/damazioengine/src/lib/src/accounts.ex
16:41:08.153 [debug] handled notification client -> server textDocument/didOpen in 4ms
16:41:08.154 [debug] handled notification client -> server initialized in 5ms
16:41:08.176 [debug] sent notification server -> client window/logMessage
16:41:08.177 [debug] sent notification server -> client window/logMessage
16:41:08.177 [debug] sent request server -> client window/workDoneProgress/create
16:41:08.177 [debug] sent notification server -> client $/progress
16:41:12.451 [info] Engine build available at: /home/fabri/.local/share/Expert/0.1.0-46713a1/ex-1.19.1-erl-16.1.1/wJ1bbsWn_KYoigK9PwMOAQ/_build/dev_ns
16:41:12.468 [debug] sent notification server -> client $/progress
16:41:12.842 [debug] sent notification server -> client $/progress
16:41:12.842 [info] Child {XPExpert.Project.Node, "src"} of Supervisor :"src::supervisor" started
Pid: #PID<0.173.0>
Start Call: XPExpert.Project.Node.start_link(%XPForge.Project{root_uri: "file:///mnt/Extra/repos/damazioengine/src", mix_exs_uri: "file:///mnt/Extra/repos/damazioengine/src/mix.exs", mix_project?: true, mix_env: nil, mix_target: nil, env_variables: %{}, project_module: nil, entropy: 60652})
Restart: :permanent
Shutdown: 5000
Type: :worker
16:41:12.842 [info] Child {XPExpert.Project.Diagnostics, "src"} of Supervisor :"src::supervisor" started
Pid: #PID<0.187.0>
Start Call: XPExpert.Project.Diagnostics.start_link(%XPForge.Project{root_uri: "file:///mnt/Extra/repos/damazioengine/src", mix_exs_uri: "file:///mnt/Extra/repos/damazioengine/src/mix.exs", mix_project?: true, mix_env: nil, mix_target: nil, env_variables: %{}, project_module: nil, entropy: 60652})
Restart: :permanent
Shutdown: 5000
Type: :worker
16:41:12.843 [info] Child {XPExpert.Project.Intelligence, "src"} of Supervisor :"src::supervisor" started
Pid: #PID<0.188.0>
Start Call: XPExpert.Project.Intelligence.start_link(%XPForge.Project{root_uri: "file:///mnt/Extra/repos/damazioengine/src", mix_exs_uri: "file:///mnt/Extra/repos/damazioengine/src/mix.exs", mix_project?: true, mix_env: nil, mix_target: nil, env_variables: %{}, project_module: nil, entropy: 60652})
Restart: :permanent
Shutdown: 5000
Type: :worker
16:41:12.844 [info] Child XPExpert.Project.SearchListener of Supervisor :"src::supervisor" started
Pid: #PID<0.189.0>
Start Call: XPExpert.Project.SearchListener.start_link(%XPForge.Project{root_uri: "file:///mnt/Extra/repos/damazioengine/src", mix_exs_uri: "file:///mnt/Extra/repos/damazioengine/src/mix.exs", mix_project?: true, mix_env: nil, mix_target: nil, env_variables: %{}, project_module: nil, entropy: 60652})
Restart: :permanent
Shutdown: 5000
Type: :worker
16:41:12.844 [info] Engine initialized
16:41:12.905 [debug] sent request server -> client window/workDoneProgress/create
16:41:12.905 [debug] sent notification server -> client $/progress
16:41:13.121 [debug] sent notification server -> client $/progress
16:41:13.121 [debug] sent request server -> client window/workDoneProgress/create
16:41:13.121 [debug] sent notification server -> client $/progress
16:41:13.260 [debug] sent notification server -> client $/progress
16:41:13.260 [debug] sent request server -> client window/workDoneProgress/create
16:41:13.261 [debug] sent notification server -> client $/progress
16:41:13.546 [debug] sent notification server -> client $/progress
16:41:13.546 [debug] sent request server -> client window/workDoneProgress/create
16:41:13.547 [debug] sent notification server -> client $/progress
16:41:13.550 [debug] sent notification server -> client $/progress
16:41:13.550 [debug] sent request server -> client window/workDoneProgress/create
16:41:13.550 [debug] sent notification server -> client $/progress
16:41:13.552 [debug] sent notification server -> client $/progress
16:41:13.552 [debug] sent request server -> client window/workDoneProgress/create
16:41:13.553 [debug] sent notification server -> client $/progress
16:41:13.614 [debug] sent notification server -> client $/progress
16:41:13.621 [info] Compiled src in 724 ms
16:41:13.624 [debug] sent notification server -> client textDocument/publishDiagnostics
16:41:14.100 [debug] sent request server -> client window/workDoneProgress/create
16:41:14.100 [debug] sent notification server -> client $/progress
16:41:14.212 [debug] sent notification server -> client $/progress
16:41:14.331 [debug] sent notification server -> client $/progress
16:41:14.365 [debug] sent notification server -> client $/progress
16:41:14.458 [debug] sent notification server -> client $/progress
16:41:14.458 [debug] sent notification server -> client $/progress
16:41:31.318 [debug] handled notification client -> server textDocument/didChange in 5ms
16:41:31.419 [debug] sent notification server -> client textDocument/publishDiagnostics
16:41:31.419 [debug] sent notification server -> client textDocument/publishDiagnostics
16:41:31.462 [debug] handled notification client -> server textDocument/didChange in 1ms
16:41:31.546 [debug] sent notification server -> client textDocument/publishDiagnostics
16:41:31.546 [debug] sent notification server -> client textDocument/publishDiagnostics
16:41:31.843 [debug] handled notification client -> server textDocument/didChange in 1ms
16:41:31.928 [debug] sent notification server -> client textDocument/publishDiagnostics
16:41:31.928 [debug] sent notification server -> client textDocument/publishDiagnostics
16:41:32.026 [debug] handled notification client -> server textDocument/didChange in 1ms
16:41:32.112 [debug] sent notification server -> client textDocument/publishDiagnostics
16:41:32.113 [debug] sent notification server -> client textDocument/publishDiagnostics
16:41:32.424 [debug] handled notification client -> server textDocument/didChange in 1ms
16:41:32.508 [debug] sent notification server -> client textDocument/publishDiagnostics
16:41:32.508 [debug] sent notification server -> client textDocument/publishDiagnostics
16:41:32.572 [debug] handled notification client -> server textDocument/didChange in 1ms
16:41:32.657 [debug] sent notification server -> client textDocument/publishDiagnostics
16:41:32.657 [debug] sent notification server -> client textDocument/publishDiagnostics
16:41:34.349 [debug] handled notification client -> server textDocument/didChange in 1ms
16:41:34.435 [debug] sent notification server -> client textDocument/publishDiagnostics
16:41:34.435 [debug] sent notification server -> client textDocument/publishDiagnostics
16:41:34.489 [debug] handled notification client -> server textDocument/didChange in 1ms
16:41:34.575 [debug] sent notification server -> client textDocument/publishDiagnostics
16:41:34.575 [debug] sent notification server -> client textDocument/publishDiagnostics
16:41:34.638 [debug] handled notification client -> server textDocument/didChange in 1ms
16:41:34.724 [debug] sent notification server -> client textDocument/publishDiagnostics
16:41:34.724 [debug] sent notification server -> client textDocument/publishDiagnostics
16:41:34.972 [debug] handled notification client -> server textDocument/didChange in 1ms
16:41:35.056 [debug] sent notification server -> client textDocument/publishDiagnostics
16:41:35.056 [debug] sent notification server -> client textDocument/publishDiagnostics
16:41:35.156 [debug] handled notification client -> server textDocument/didChange in 1ms
16:41:35.240 [debug] sent notification server -> client textDocument/publishDiagnostics
16:41:35.240 [debug] sent notification server -> client textDocument/publishDiagnostics
16:41:35.339 [debug] handled notification client -> server textDocument/didChange in 1ms
16:41:35.424 [debug] sent notification server -> client textDocument/publishDiagnostics
16:41:35.424 [debug] sent notification server -> client textDocument/publishDiagnostics
16:41:35.487 [debug] handled notification client -> server textDocument/didChange in 1ms
16:41:35.571 [debug] sent notification server -> client textDocument/publishDiagnostics
16:41:35.571 [debug] sent notification server -> client textDocument/publishDiagnostics
16:41:35.722 [debug] handled notification client -> server textDocument/didChange in 1ms
16:41:35.806 [debug] sent notification server -> client textDocument/publishDiagnostics
16:41:35.806 [debug] sent notification server -> client textDocument/publishDiagnostics
16:41:35.871 [debug] handled notification client -> server textDocument/didChange in 1ms
16:41:35.955 [debug] sent notification server -> client textDocument/publishDiagnostics
16:41:35.955 [debug] sent notification server -> client textDocument/publishDiagnostics
16:41:36.539 [debug] handled notification client -> server textDocument/didChange in 1ms
16:41:36.623 [debug] sent notification server -> client textDocument/publishDiagnostics
16:41:36.623 [debug] sent notification server -> client textDocument/publishDiagnostics
16:41:36.960 [debug] handled notification client -> server textDocument/didChange in 1ms
16:41:37.046 [debug] sent notification server -> client textDocument/publishDiagnostics
16:41:37.046 [debug] sent notification server -> client textDocument/publishDiagnostics
16:41:37.108 [debug] handled notification client -> server textDocument/didChange in 1ms
16:41:37.193 [debug] sent notification server -> client textDocument/publishDiagnostics
16:41:37.194 [debug] sent notification server -> client textDocument/publishDiagnostics
16:42:03.879 [debug] sent notification server -> client window/logMessage
16:42:03.879 [info] Shutting down
16:42:03.880 [error] ** (XPGenLSP.InvalidResponse) Invalid response for request shutdown.

Response: {:ok, nil}
Errors: "expected either null or a %XPGenLSP.ErrorResponse{}"

16:42:03.880 [debug] handled request client -> server shutdown in 3ms
16:42:03.887 [info] SIGTERM received - shutting down

16:42:03.967 [debug] Child {XPLoggerFileBackend, :general_log} of Supervisor Logger.Backends.Supervisor started
Pid: #PID<0.103.0>
Start Call: Logger.Backends.Watcher.start_link({{XPLoggerFileBackend, :general_log}, {XPLoggerFileBackend, :general_log}})
Restart: :transient
Shutdown: 5000
Type: :worker
16:42:03.967 [info] Child Logger.Backends.Supervisor of Supervisor Logger.Backends.Internal started
Pid: #PID<0.102.0>
Start Call: Logger.Backends.Supervisor.start_link([{XPLoggerFileBackend, :general_log}])
Restart: :permanent
Shutdown: :infinity
Type: :supervisor
16:42:03.967 [info] Child Logger.Backends.Internal of Supervisor Logger.Supervisor started
Pid: #PID<0.98.0>
Start Call: Logger.Backends.Internal.start_link([])
Restart: :permanent
Shutdown: :infinity
Type: :supervisor
16:42:03.967 [info] Application logger started at :nonode@nohost
16:42:03.967 [info] Application xp_mime started at :nonode@nohost
16:42:03.967 [info] Application xp_hpax started at :nonode@nohost
16:42:03.967 [info] Application crypto started at :nonode@nohost
16:42:03.967 [info] Application asn1 started at :nonode@nohost
16:42:03.967 [info] Application public_key started at :nonode@nohost
16:42:03.968 [debug] Child :ssl_handler of Supervisor :logger_sup started
Pid: #PID<0.108.0>
Start Call: :logger_olp.start_link(:logger_std_h_ssl_handler, :logger_h_common, %{id: :ssl_handler, module: :logger_std_h, config: %{type: :standard_io, filesync_repeat_interval: :no_repeat}, level: :debug, filters: [], filter_default: :stop, formatter: {:ssl_logger, %{}}}, %{})
Restart: :temporary
Shutdown: 2000
Type: :worker
16:42:03.969 [info] Child :ssl_pem_cache of Supervisor :ssl_admin_sup started
Pid: #PID<0.112.0>
Start Call: :ssl_pem_cache.start_link([])
Restart: :permanent
Shutdown: 4000
Type: :worker
16:42:03.970 [info] Child :ssl_manager of Supervisor :ssl_admin_sup started
Pid: #PID<0.113.0>
Start Call: :ssl_manager.start_link([])
Restart: :permanent
Shutdown: 4000
Type: :worker
16:42:03.970 [info] Child :tls_client_ticket_store of Supervisor :ssl_admin_sup started
Pid: #PID<0.114.0>
Start Call: :tls_client_ticket_store.start_link(1000, 7200)
Restart: :permanent
Shutdown: 4000
Type: :worker
16:42:03.970 [info] Child :ssl_admin_sup of Supervisor :ssl_sup started
Pid: #PID<0.111.0>
Start Call: :ssl_admin_sup.start_link()
Restart: :permanent
Shutdown: 4000
Type: :supervisor
16:42:03.971 [info] Child :tls_connection_sup of Supervisor :tls_sup started
Pid: #PID<0.117.0>
Start Call: :tls_connection_sup.start_link()
Restart: :permanent
Shutdown: 4000
Type: :supervisor
16:42:03.971 [info] Child :ssl_listen_tracker_sup of Supervisor :tls_server_sup started
Pid: #PID<0.119.0>
Start Call: :ssl_listen_tracker_sup.start_link()
Restart: :permanent
Shutdown: 4000
Type: :supervisor
16:42:03.971 [info] Child :tls_server_session_ticket of Supervisor :tls_server_sup started
Pid: #PID<0.120.0>
Start Call: :tls_server_session_ticket_sup.start_link()
Restart: :permanent
Shutdown: 4000
Type: :supervisor
16:42:03.972 [info] Child :ssl_server_session_cache_sup of Supervisor :tls_server_sup started
Pid: #PID<0.121.0>
Start Call: :ssl_server_session_cache_sup.start_link()
Restart: :permanent
Shutdown: 4000
Type: :supervisor
16:42:03.972 [info] Child :ssl_upgrade_server_session_cache_sup of Supervisor :tls_server_sup started
Pid: #PID<0.122.0>
Start Call: :ssl_upgrade_server_session_cache_sup.start_link()
Restart: :permanent
Shutdown: 4000
Type: :supervisor
16:42:03.972 [info] Child :tls_server_sup of Supervisor :tls_sup started
Pid: #PID<0.118.0>
Start Call: :tls_server_sup.start_link()
Restart: :permanent
Shutdown: 4000
Type: :supervisor
16:42:03.972 [info] Child :tls_sup of Supervisor :ssl_connection_sup started
Pid: #PID<0.116.0>
Start Call: :tls_sup.start_link()
Restart: :permanent
Shutdown: 4000
Type: :supervisor
16:42:03.972 [info] Child :dtls_connection_sup of Supervisor :dtls_sup started
Pid: #PID<0.124.0>
Start Call: :dtls_connection_sup.start_link()
Restart: :permanent
Shutdown: 4000
Type: :supervisor
16:42:03.973 [info] Child :dtls_listener_sup of Supervisor :dtls_server_sup started
Pid: #PID<0.126.0>
Start Call: :dtls_listener_sup.start_link()
Restart: :permanent
Shutdown: 4000
Type: :supervisor
16:42:03.973 [info] Child :dtls_server_session_cache_sup of Supervisor :dtls_server_sup started
Pid: #PID<0.127.0>
Start Call: :dtls_server_session_cache_sup.start_link()
Restart: :permanent
Shutdown: 4000
Type: :supervisor
16:42:03.973 [info] Child :dtls_server_sup of Supervisor :dtls_sup started
Pid: #PID<0.125.0>
Start Call: :dtls_server_sup.start_link()
Restart: :permanent
Shutdown: 4000
Type: :supervisor
16:42:03.973 [info] Child :dtls_sup of Supervisor :ssl_connection_sup started
Pid: #PID<0.123.0>
Start Call: :dtls_sup.start_link()
Restart: :permanent
Shutdown: 4000
Type: :supervisor
16:42:03.973 [info] Child :ssl_connection_sup of Supervisor :ssl_sup started
Pid: #PID<0.115.0>
Start Call: :ssl_connection_sup.start_link()
Restart: :permanent
Shutdown: 4000
Type: :supervisor
16:42:03.973 [info] Application ssl started at :nonode@nohost
16:42:03.973 [info] Application xp_mint started at :nonode@nohost
16:42:03.973 [info] Application xp_nimble_options started at :nonode@nohost
16:42:03.974 [info] Child XPNimblePool.TaskSupervisor of Supervisor #PID<0.133.0> (Supervisor.Default) started
Pid: #PID<0.134.0>
Start Call: Task.Supervisor.start_link([name: XPNimblePool.TaskSupervisor])
Restart: :permanent
Shutdown: :infinity
Type: :supervisor
16:42:03.974 [info] Application xp_nimble_pool started at :nonode@nohost
16:42:03.975 [info] Child :telemetry_handler_table of Supervisor :telemetry_sup started
Pid: #PID<0.138.0>
Start Call: :telemetry_handler_table.start_link()
Restart: :permanent
Shutdown: 5000
Type: :worker
16:42:03.975 [info] Application xp_telemetry started at :nonode@nohost
16:42:03.975 [info] Application xp_finch started at :nonode@nohost
16:42:03.980 [info] Child XPReq.Finch.PIDPartition0 of Supervisor XPReq.Finch started
Pid: #PID<0.144.0>
Start Call: Registry.Partition.start_link(XPReq.Finch.PIDPartition0, {:duplicate, XPReq.Finch, 0, 1, XPReq.Finch.KeyPartition0, XPReq.Finch.PIDPartition0, [], false})
Restart: :permanent
Shutdown: 5000
Type: :worker
16:42:03.980 [info] Child XPReq.Finch of Supervisor XPReq.Finch.Supervisor started
Pid: #PID<0.143.0>
Start Call: Registry.start_link([keys: :duplicate, name: XPReq.Finch, meta: [config: %{pools: %{}, registry_name: XPReq.Finch, supervisor_name: XPReq.Finch.PoolSupervisor, manager_name: XPReq.Finch.PoolManager, default_pool_config: %{count: 1, size: 50, mod: XPFinch.HTTP1.Pool, conn_opts: [protocols: [:http1], transport_opts: [keepalive: true, nodelay: true, timeout: 5000], ssl_key_log_file_device: nil], pool_max_idle_time: :infinity, conn_max_idle_time: :infinity, start_pool_metrics?: false}}]])
Restart: :permanent
Shutdown: :infinity
Type: :supervisor
16:42:03.980 [info] Child XPReq.Finch.PoolSupervisor of Supervisor XPReq.Finch.Supervisor started
Pid: #PID<0.145.0>
Start Call: DynamicSupervisor.start_link([name: XPReq.Finch.PoolSupervisor, strategy: :one_for_one])
Restart: :permanent
Shutdown: :infinity
Type: :supervisor
16:42:03.980 [info] Child XPFinch.PoolManager of Supervisor XPReq.Finch.Supervisor started
Pid: #PID<0.146.0>
Start Call: XPFinch.PoolManager.start_link(%{pools: %{}, registry_name: XPReq.Finch, supervisor_name: XPReq.Finch.PoolSupervisor, manager_name: XPReq.Finch.PoolManager, default_pool_config: %{count: 1, size: 50, mod: XPFinch.HTTP1.Pool, conn_opts: [protocols: [:http1], transport_opts: [keepalive: true, nodelay: true, timeout: 5000], ssl_key_log_file_device: nil], pool_max_idle_time: :infinity, conn_max_idle_time: :infinity, start_pool_metrics?: false}})
Restart: :permanent
Shutdown: 5000
Type: :worker
16:42:03.980 [info] Child XPReq.Finch of Supervisor #PID<0.141.0> (Supervisor.Default) started
Pid: #PID<0.142.0>
Start Call: XPFinch.start_link([name: XPReq.Finch, pools: %{default: [protocols: [:http1]]}])
Restart: :permanent
Shutdown: 5000
Type: :worker
16:42:03.980 [info] Child XPReq.FinchSupervisor of Supervisor #PID<0.141.0> (Supervisor.Default) started
Pid: #PID<0.147.0>
Start Call: DynamicSupervisor.start_link([strategy: :one_for_one, name: XPReq.FinchSupervisor])
Restart: :permanent
Shutdown: :infinity
Type: :supervisor
16:42:03.980 [info] Child XPReq.Test.Ownership of Supervisor #PID<0.141.0> (Supervisor.Default) started
Pid: #PID<0.148.0>
Start Call: XPReq.Test.Ownership.start_link([name: XPReq.Test.Ownership])
Restart: :permanent
Shutdown: 5000
Type: :worker
16:42:03.980 [info] Application xp_req started at :nonode@nohost
16:42:03.980 [info] Application burrito started at :nonode@nohost
16:42:03.981 [info] Application erts started at :nonode@nohost
16:42:03.981 [info] Application xp_schematic started at :nonode@nohost
16:42:03.981 [info] Application xp_typed_struct started at :nonode@nohost
16:42:03.981 [info] Application xp_gen_lsp started at :nonode@nohost
16:42:03.983 [info] Child XPSnowflake.Generator of Supervisor #PID<0.151.0> (Supervisor.Default) started
Pid: #PID<0.152.0>
Start Call: XPSnowflake.Generator.start_link(0, 1023)
Restart: :permanent
Shutdown: 5000
Type: :worker
16:42:03.983 [info] Application xp_snowflake started at :nonode@nohost
16:42:03.983 [info] Application xp_sourceror started at :nonode@nohost
16:42:03.983 [info] Application xp_forge started at :nonode@nohost
16:42:03.983 [info] Application xp_logger_file_backend started at :nonode@nohost
16:42:03.984 [info] Child :ttb_autostart of Supervisor :runtime_tools_sup started
Pid: #PID<0.156.0>
Start Call: :ttb_autostart.start_link()
Restart: :temporary
Shutdown: 3000
Type: :worker
16:42:03.984 [info] Application runtime_tools started at :nonode@nohost
16:42:03.984 [info] Application et started at :nonode@nohost
16:42:03.984 [info] Application observer started at :nonode@nohost
16:42:03.984 [info] Application xp_path_glob started at :nonode@nohost
16:42:03.989 [info] Child XPForge.Document.Store of Supervisor XPExpert.Supervisor started
Pid: #PID<0.160.0>
Start Call: XPForge.Document.Store.start_link([derive: [analysis: &XPForge.Ast.analyze/1]])
Restart: :permanent
Shutdown: 5000
Type: :worker
16:42:03.989 [info] Child XPExpert.ProjectSupervisor of Supervisor XPExpert.Supervisor started
Pid: #PID<0.161.0>
Start Call: DynamicSupervisor.start_link([name: XPExpert.ProjectSupervisor, strategy: :one_for_one])
Restart: :permanent
Shutdown: :infinity
Type: :supervisor
16:42:03.989 [info] Child XPExpert.DynamicSupervisor of Supervisor XPExpert.Supervisor started
Pid: #PID<0.162.0>
Start Call: DynamicSupervisor.start_link([name: XPExpert.DynamicSupervisor])
Restart: :permanent
Shutdown: :infinity
Type: :supervisor
16:42:03.989 [info] Child XPGenLSP.Assigns of Supervisor XPExpert.Supervisor started
Pid: #PID<0.163.0>
Start Call: XPGenLSP.Assigns.start_link([name: XPExpert.Assigns])
Restart: :permanent
Shutdown: 5000
Type: :worker
16:42:03.989 [info] Child :expert_task_queue of Supervisor XPExpert.Supervisor started
Pid: #PID<0.164.0>
Start Call: Task.Supervisor.start_link([name: :expert_task_queue])
Restart: :permanent
Shutdown: :infinity
Type: :supervisor
16:42:03.990 [info] Child XPGenLSP.Buffer of Supervisor XPExpert.Supervisor started
Pid: #PID<0.165.0>
Start Call: XPGenLSP.Buffer.start_link([name: XPExpert.Buffer])
Restart: :permanent
Shutdown: 5000
Type: :worker
16:42:03.990 [debug] [name: XPExpert, buffer: XPExpert.Buffer, task_supervisor: :expert_task_queue, dynamic_supervisor: XPExpert.DynamicSupervisor, assigns: XPExpert.Assigns]
16:42:03.991 [info] Child XPExpert of Supervisor XPExpert.Supervisor started
Pid: #PID<0.166.0>
Start Call: XPExpert.start_link([name: XPExpert, buffer: XPExpert.Buffer, task_supervisor: :expert_task_queue, dynamic_supervisor: XPExpert.DynamicSupervisor, assigns: XPExpert.Assigns])
Restart: :permanent
Shutdown: 500
Type: :worker
16:42:03.991 [info] Application xp_expert started at :nonode@nohost
